<?xml version="1.0" encoding="UTF-8"?>
<testsuite name="BlockchainTest" tests="1" skipped="0" failures="0" errors="0" timestamp="2023-08-12T16:59:18" hostname="PCA" time="0.299">
  <properties/>
  <testcase name="start" classname="BlockchainTest" time="0.299"/>
  <system-out><![CDATA[?[1;31m
Start test 1?[0m
Block:
Id:1
Timestamp: 1691859558888
Hash of the previous block:
0
Hash of the block:
c3d6f6de049083af57a6253864126736b9fe18388869677bf9fc2dc16f99c197

Block:
Id:2
Timestamp: 1691859558900
Hash of the previous block:
c3d6f6de049083af57a6253864126736b9fe18388869677bf9fc2dc16f99c197
Hash of the block:
3580d0d3b51c53d8c8832f6dc3154a04248718f5da4b5d4aa32a4d61f3d75c12

Block:
Id:3
Timestamp: 1691859558900
Hash of the previous block:
3580d0d3b51c53d8c8832f6dc3154a04248718f5da4b5d4aa32a4d61f3d75c12
Hash of the block:
f6da19c17557c7069c599886f089d6faa3594b1af29eb426d4177b89fadb515b

Block:
Id:4
Timestamp: 1691859558900
Hash of the previous block:
f6da19c17557c7069c599886f089d6faa3594b1af29eb426d4177b89fadb515b
Hash of the block:
3043602eaa826fe70bd492bc81a6e8af4d4a10c7fab18a8b5591686481291d1a

Block:
Id:5
Timestamp: 1691859558900
Hash of the previous block:
3043602eaa826fe70bd492bc81a6e8af4d4a10c7fab18a8b5591686481291d1a
Hash of the block:
5f3e82c211eb1c947506b41175761b392aae80dbc0fcf1218580a59fb8d203c3
?[1;31m
Start test 2?[0m
Block:
Id:1
Timestamp: 1691859558978
Hash of the previous block:
0
Hash of the block:
b13823ba387a6bfc508a8c8b87f070202efd85afa8ddc1256b3b001827e7e9f7

Block:
Id:2
Timestamp: 1691859558979
Hash of the previous block:
b13823ba387a6bfc508a8c8b87f070202efd85afa8ddc1256b3b001827e7e9f7
Hash of the block:
deccee51769ec47a9673b6a5abba63df8bb47cb0c2595e930da4d990a0ff3370

Block:
Id:3
Timestamp: 1691859558979
Hash of the previous block:
deccee51769ec47a9673b6a5abba63df8bb47cb0c2595e930da4d990a0ff3370
Hash of the block:
2cfc198d54fe2286e554b9f37f950eece3e800e7149e0dc0c55aa889d5280f8e

Block:
Id:4
Timestamp: 1691859558979
Hash of the previous block:
2cfc198d54fe2286e554b9f37f950eece3e800e7149e0dc0c55aa889d5280f8e
Hash of the block:
6db625a9177d0934bc9dc72b225b348c708dfef9b5b952b72ac02559c02b63bc

Block:
Id:5
Timestamp: 1691859558980
Hash of the previous block:
6db625a9177d0934bc9dc72b225b348c708dfef9b5b952b72ac02559c02b63bc
Hash of the block:
2521e911ad2d62ffc77ea2c502a14e8613757c27d81ff4aba4f51ca47def1827
]]></system-out>
  <system-err><![CDATA[]]></system-err>
</testsuite>
